0 info it worked if it ends with ok
1 verbose cli [ 'C:\\Program Files\\nodejs\\node.exe',
1 verbose cli   'C:\\Program Files\\nodejs\\node_modules\\npm\\bin\\npm-cli.js',
1 verbose cli   'start' ]
2 info using npm@3.10.8
3 info using node@v6.9.1
4 verbose run-script [ 'prestart', 'start', 'poststart' ]
5 info lifecycle react@1.0.0~prestart: react@1.0.0
6 silly lifecycle react@1.0.0~prestart: no script for prestart, continuing
7 info lifecycle react@1.0.0~start: react@1.0.0
8 verbose lifecycle react@1.0.0~start: unsafe-perm in lifecycle true
9 verbose lifecycle react@1.0.0~start: PATH: C:\Program Files\nodejs\node_modules\npm\bin\node-gyp-bin;C:\Users\vkoloyu\react\node_modules\.bin;C:\ProgramData\Oracle\Java\javapath;C:\WINDOWS\system32;C:\WINDOWS;C:\WINDOWS\System32\Wbem;C:\WINDOWS\System32\WindowsPowerShell\v1.0\;C:\Windows\CCM;C:\Windows\CCM;C:\Windows\CCM;C:\Program Files (x86)\IXOS\bin;C:\Windows\CCM;C:\Program Files (x86)\IBM\Client Access\Emulator\;C:\Program Files (x86)\IBM\Client Access\Shared\;C:\Program Files (x86)\IBM\Client Access\;C:\Windows\CCM;C:\Program Files\1E\NomadBranch\;C:\Program Files (x86)\QuickTime\QTSystem\;C:\Users\vkoloyu\android\android-sdk-windows\platform-tools;C:\Users\vkoloyu\android\android-sdk-windows\tools;C:\Program Files\Java\jre1.8.0_101\bin;C:\Program Files\Java\jdk1.8.0_101\bin;C:\Users\vkoloyu\maven\apache-maven-3.3.9\bin;C:\Program Files\nodejs\;C:\Program Files (x86)\Google\Chrome\Application;C:\ProgramData\Oracle\Java\javapath;C:\WINDOWS\system32;C:\WINDOWS;C:\WINDOWS\System32\Wbem;C:\WINDOWS\System32\WindowsPowerShell\v1.0\;C:\Windows\CCM;C:\Windows\CCM;C:\Windows\CCM;C:\Program Files (x86)\IXOS\bin;C:\Windows\CCM;C:\Program Files (x86)\IBM\Client Access\Emulator\;C:\Program Files (x86)\IBM\Client Access\Shared\;C:\Program Files (x86)\IBM\Client Access\;C:\Windows\CCM;C:\Program Files\1E\NomadBranch\;C:\Program Files (x86)\QuickTime\QTSystem\;C:\Users\vkoloyu\AppData\Local\Programs\Git\cmd;C:\Users\vkoloyu\apache-maven-3.3.9\bin;C:\Users\vkoloyu\AppData\Roaming\npm; C:\Program Files\Android\Android Studio;C:\Program Files\Android\Android Studio\bin;C:\Users\vkoloyu\apache-ant-1.9.7\bin
10 verbose lifecycle react@1.0.0~start: CWD: C:\Users\vkoloyu\react
11 silly lifecycle react@1.0.0~start: Args: [ '/d /s /c', 'webpack-dev-server --hot' ]
12 verbose stack Error: kill ENOSYS
12 verbose stack     at exports._errnoException (util.js:1026:11)
12 verbose stack     at process.kill (internal/process.js:172:13)
12 verbose stack     at process.listener (C:\Program Files\nodejs\node_modules\npm\node_modules\npmlog\node_modules\gauge\node_modules\signal-exit\index.js:86:15)
12 verbose stack     at emitNone (events.js:91:20)
12 verbose stack     at process.emit (events.js:185:7)
12 verbose stack     at processEmit (C:\Program Files\nodejs\node_modules\npm\node_modules\npmlog\node_modules\gauge\node_modules\signal-exit\index.js:146:32)
12 verbose stack     at processEmit (C:\Program Files\nodejs\node_modules\npm\node_modules\npm-registry-client\node_modules\npmlog\node_modules\gauge\node_modules\signal-exit\index.js:146:32)
12 verbose stack     at Signal.wrap.onsignal (internal/process.js:199:44)
13 verbose cwd C:\Users\vkoloyu\react
14 error Windows_NT 6.1.7601
15 error argv "C:\\Program Files\\nodejs\\node.exe" "C:\\Program Files\\nodejs\\node_modules\\npm\\bin\\npm-cli.js" "start"
16 error node v6.9.1
17 error npm  v3.10.8
18 error code ENOSYS
19 error errno ENOSYS
20 error syscall kill
21 error kill ENOSYS
22 error If you need help, you may report this error at:
22 error     <https://github.com/npm/npm/issues>
23 verbose exit [ 1, true ]
