0 info it worked if it ends with ok
1 verbose cli [ 'C:\\Program Files\\nodejs\\node.exe',
1 verbose cli   'C:\\Program Files\\nodejs\\node_modules\\npm\\bin\\npm-cli.js',
1 verbose cli   'start' ]
2 info using npm@3.10.8
3 info using node@v6.9.1
4 verbose run-script [ 'prestart', 'start', 'poststart' ]
5 info lifecycle react-essential@1.0.0~prestart: react-essential@1.0.0
6 silly lifecycle react-essential@1.0.0~prestart: no script for prestart, continuing
7 info lifecycle react-essential@1.0.0~start: react-essential@1.0.0
8 verbose lifecycle react-essential@1.0.0~start: unsafe-perm in lifecycle true
9 verbose lifecycle react-essential@1.0.0~start: PATH: C:\Program Files\nodejs\node_modules\npm\bin\node-gyp-bin;C:\Users\vkoloyu\react_\react3\start\node_modules\.bin;C:\ProgramData\Oracle\Java\javapath;C:\WINDOWS\system32;C:\WINDOWS;C:\WINDOWS\System32\Wbem;C:\WINDOWS\System32\WindowsPowerShell\v1.0\;C:\Windows\CCM;C:\Windows\CCM;C:\Windows\CCM;C:\Program Files (x86)\IXOS\bin;C:\Windows\CCM;C:\Program Files (x86)\IBM\Client Access\Emulator\;C:\Program Files (x86)\IBM\Client Access\Shared\;C:\Program Files (x86)\IBM\Client Access\;C:\Windows\CCM;C:\Program Files\1E\NomadBranch\;C:\Program Files (x86)\QuickTime\QTSystem\;C:\Users\vkoloyu\android\android-sdk-windows\platform-tools;C:\Users\vkoloyu\android\android-sdk-windows\tools;C:\Program Files\Java\jre1.8.0_101\bin;C:\Program Files\Java\jdk1.8.0_101\bin;C:\Users\vkoloyu\maven\apache-maven-3.3.9\bin;C:\Program Files\nodejs\;C:\Program Files (x86)\Google\Chrome\Application;C:\ProgramData\Oracle\Java\javapath;C:\WINDOWS\system32;C:\WINDOWS;C:\WINDOWS\System32\Wbem;C:\WINDOWS\System32\WindowsPowerShell\v1.0\;C:\Windows\CCM;C:\Windows\CCM;C:\Windows\CCM;C:\Program Files (x86)\IXOS\bin;C:\Windows\CCM;C:\Program Files (x86)\IBM\Client Access\Emulator\;C:\Program Files (x86)\IBM\Client Access\Shared\;C:\Program Files (x86)\IBM\Client Access\;C:\Windows\CCM;C:\Program Files\1E\NomadBranch\;C:\Program Files (x86)\QuickTime\QTSystem\;C:\Users\vkoloyu\AppData\Local\Programs\Git\cmd;C:\Users\vkoloyu\apache-maven-3.3.9\bin;C:\Users\vkoloyu\AppData\Roaming\npm; C:\Program Files\Android\Android Studio;C:\Program Files\Android\Android Studio\bin;C:\Users\vkoloyu\apache-ant-1.9.7\bin
10 verbose lifecycle react-essential@1.0.0~start: CWD: C:\Users\vkoloyu\react_\react3\start
11 silly lifecycle react-essential@1.0.0~start: Args: [ '/d /s /c', 'webpack-dev-server' ]
12 silly lifecycle react-essential@1.0.0~start: Returned: code: 3221225786  signal: null
13 info lifecycle react-essential@1.0.0~start: Failed to exec start script
14 verbose stack Error: react-essential@1.0.0 start: `webpack-dev-server`
14 verbose stack Exit status 3221225786
14 verbose stack     at EventEmitter.<anonymous> (C:\Program Files\nodejs\node_modules\npm\lib\utils\lifecycle.js:255:16)
14 verbose stack     at emitTwo (events.js:106:13)
14 verbose stack     at EventEmitter.emit (events.js:191:7)
14 verbose stack     at ChildProcess.<anonymous> (C:\Program Files\nodejs\node_modules\npm\lib\utils\spawn.js:40:14)
14 verbose stack     at emitTwo (events.js:106:13)
14 verbose stack     at ChildProcess.emit (events.js:191:7)
14 verbose stack     at maybeClose (internal/child_process.js:877:16)
14 verbose stack     at Process.ChildProcess._handle.onexit (internal/child_process.js:226:5)
15 verbose pkgid react-essential@1.0.0
16 verbose cwd C:\Users\vkoloyu\react_\react3\start
17 error Windows_NT 6.1.7601
18 error argv "C:\\Program Files\\nodejs\\node.exe" "C:\\Program Files\\nodejs\\node_modules\\npm\\bin\\npm-cli.js" "start"
19 error node v6.9.1
20 error npm  v3.10.8
21 error code ELIFECYCLE
22 error react-essential@1.0.0 start: `webpack-dev-server`
22 error Exit status 3221225786
23 error Failed at the react-essential@1.0.0 start script 'webpack-dev-server'.
23 error Make sure you have the latest version of node.js and npm installed.
23 error If you do, this is most likely a problem with the react-essential package,
23 error not with npm itself.
23 error Tell the author that this fails on your system:
23 error     webpack-dev-server
23 error You can get information on how to open an issue for this project with:
23 error     npm bugs react-essential
23 error Or if that isn't available, you can get their info via:
23 error     npm owner ls react-essential
23 error There is likely additional logging output above.
24 verbose exit [ 1, true ]
